-------------------------------------------------------------------------------
Test set: com.food.ordering.system.order.service.domain.OrderPaymentSagaTest
-------------------------------------------------------------------------------
Tests run: 3, Failures: 0, Errors: 3, Skipped: 0, Time elapsed: 0.377 s <<< FAILURE! - in com.food.ordering.system.order.service.domain.OrderPaymentSagaTest
testDoublePaymentWithLatch  Time elapsed: 0.011 s  <<< ERROR!
java.lang.IllegalStateException: Failed to load ApplicationContext
Caused by: java.lang.IllegalArgumentException: LoggerFactory is not a Logback LoggerContext but Logback is on the classpath. Either remove Logback or the competing implementation (class org.slf4j.helpers.NOPLoggerFactory loaded from file:/Users/bosquu/.m2/repository/org/slf4j/slf4j-api/1.7.36/slf4j-api-1.7.36.jar). If you are using WebLogic you will need to add 'org.slf4j' to prefer-application-packages in WEB-INF/weblogic.xml: org.slf4j.helpers.NOPLoggerFactory

testDoublePaymentWithThreads  Time elapsed: 0 s  <<< ERROR!
java.lang.IllegalStateException: Failed to load ApplicationContext
Caused by: java.lang.IllegalArgumentException: LoggerFactory is not a Logback LoggerContext but Logback is on the classpath. Either remove Logback or the competing implementation (class org.slf4j.helpers.NOPLoggerFactory loaded from file:/Users/bosquu/.m2/repository/org/slf4j/slf4j-api/1.7.36/slf4j-api-1.7.36.jar). If you are using WebLogic you will need to add 'org.slf4j' to prefer-application-packages in WEB-INF/weblogic.xml: org.slf4j.helpers.NOPLoggerFactory

testDoublePayment  Time elapsed: 0.001 s  <<< ERROR!
java.lang.IllegalStateException: Failed to load ApplicationContext
Caused by: java.lang.IllegalArgumentException: LoggerFactory is not a Logback LoggerContext but Logback is on the classpath. Either remove Logback or the competing implementation (class org.slf4j.helpers.NOPLoggerFactory loaded from file:/Users/bosquu/.m2/repository/org/slf4j/slf4j-api/1.7.36/slf4j-api-1.7.36.jar). If you are using WebLogic you will need to add 'org.slf4j' to prefer-application-packages in WEB-INF/weblogic.xml: org.slf4j.helpers.NOPLoggerFactory

